<?xml version="1.0" encoding="UTF-8"?>
<TestRun id="bdbc8936-ba7d-474e-b36e-f206b81315c3" name="Max_name_user@MAX 2017-12-03 21:34:59" runUser="Max\Max_name_user" xmlns="http://microsoft.com/schemas/VisualStudio/TeamTest/2010">
  <Times creation="2017-12-03T21:34:59.6179925+02:00" queuing="2017-12-03T21:34:59.6179925+02:00" start="2017-12-03T21:34:59.1406390+02:00" finish="2017-12-03T21:34:59.7091257+02:00" />
  <TestSettings name="default" id="635882a1-0d9f-47a8-b431-51db4dd2673a">
    <Execution>
      <TestTypeSpecific />
    </Execution>
    <Deployment runDeploymentRoot="Max_name_user_MAX 2017-12-03 21_34_59" />
    <Properties />
  </TestSettings>
  <Results>
    <UnitTestResult executionId="ee0012c9-0bf3-4c50-96d6-a63623c679b6" testId="2e005346-63c4-e8ff-b698-477039765e95" testName="Add_elem_at_begin_with_index_Success" computerName="MAX" duration="00:00:00.0312216" startTime="2017-12-03T21:34:59.1406390+02:00" endTime="2017-12-03T21:34:59.4168221+02:00" testType="13cdc9d9-ddb5-4fa4-a97d-d965ccfc6d4b" outcome="Passed" testListId="8c84fa94-04c1-424b-9868-57a2d4851a1d" relativeResultsDirectory="ee0012c9-0bf3-4c50-96d6-a63623c679b6" />
  </Results>
  <TestDefinitions>
    <UnitTest name="Add_elem_at_begin_with_index_Success" storage="e:\3_1\ipz\33\kursova\test_to_kursova\bin\debug\test_to_kursova.dll" id="2e005346-63c4-e8ff-b698-477039765e95">
      <Execution id="ee0012c9-0bf3-4c50-96d6-a63623c679b6" />
      <TestMethod codeBase="E:\3_1\IPZ\33\kursova\Test_to_kursova\bin\Debug\Test_to_kursova.dll" adapterTypeName="Microsoft.VisualStudio.TestTools.TestTypes.Unit.UnitTestAdapter" className="Test_to_kursova.SegmentTree" name="Add_elem_at_begin_with_index_Success" />
    </UnitTest>
  </TestDefinitions>
  <TestEntries>
    <TestEntry testId="2e005346-63c4-e8ff-b698-477039765e95" executionId="ee0012c9-0bf3-4c50-96d6-a63623c679b6" testListId="8c84fa94-04c1-424b-9868-57a2d4851a1d" />
  </TestEntries>
  <TestLists>
    <TestList name="Results Not in a List" id="8c84fa94-04c1-424b-9868-57a2d4851a1d" />
    <TestList name="All Loaded Results" id="19431567-8539-422a-85d7-44ee4e166bda" />
  </TestLists>
  <ResultSummary outcome="Completed">
    <Counters total="1" executed="1" passed="1" failed="0" error="0" timeout="0" aborted="0" inconclusive="0" passedButRunAborted="0" notRunnable="0" notExecuted="0" disconnected="0" warning="0" completed="0" inProgress="0" pending="0" />
  </ResultSummary>
</TestRun>