<?xml version="1.0" encoding="UTF-8"?>
<TestRun id="45e0dc03-4c25-4cfd-9751-4ee1a80845d7" name="Max_name_user@MAX 2017-11-20 19:28:17" runUser="Max\Max_name_user" xmlns="http://microsoft.com/schemas/VisualStudio/TeamTest/2010">
  <Times creation="2017-11-20T19:28:17.6928286+02:00" queuing="2017-11-20T19:28:17.6928286+02:00" start="2017-11-20T19:28:17.0146008+02:00" finish="2017-11-20T19:28:18.1748856+02:00" />
  <TestSettings name="default" id="07fcc7ea-c7c4-489c-89b3-968fd1266dce">
    <Execution>
      <TestTypeSpecific />
    </Execution>
    <Deployment runDeploymentRoot="Max_name_user_MAX 2017-11-20 19_28_17" />
    <Properties />
  </TestSettings>
  <Results>
    <UnitTestResult executionId="96ee7f3a-d05b-4cf7-b976-f0fb14fc17ee" testId="6e558a0d-822e-2d8f-9d9c-7c3139cb7a94" testName="Create_empty_tree" computerName="MAX" duration="00:00:00.1180298" startTime="2017-11-20T19:28:17.0146008+02:00" endTime="2017-11-20T19:28:17.5476671+02:00" testType="13cdc9d9-ddb5-4fa4-a97d-d965ccfc6d4b" outcome="Passed" testListId="8c84fa94-04c1-424b-9868-57a2d4851a1d" relativeResultsDirectory="96ee7f3a-d05b-4cf7-b976-f0fb14fc17ee" />
  </Results>
  <TestDefinitions>
    <UnitTest name="Create_empty_tree" storage="e:\3_1\ipz\33\kursova\test_to_kursova\bin\debug\test_to_kursova.dll" id="6e558a0d-822e-2d8f-9d9c-7c3139cb7a94">
      <Execution id="96ee7f3a-d05b-4cf7-b976-f0fb14fc17ee" />
      <TestMethod codeBase="E:\3_1\IPZ\33\kursova\Test_to_kursova\bin\Debug\Test_to_kursova.dll" adapterTypeName="Microsoft.VisualStudio.TestTools.TestTypes.Unit.UnitTestAdapter" className="Test_to_kursova.SegmentTree" name="Create_empty_tree" />
    </UnitTest>
  </TestDefinitions>
  <TestEntries>
    <TestEntry testId="6e558a0d-822e-2d8f-9d9c-7c3139cb7a94" executionId="96ee7f3a-d05b-4cf7-b976-f0fb14fc17ee" testListId="8c84fa94-04c1-424b-9868-57a2d4851a1d" />
  </TestEntries>
  <TestLists>
    <TestList name="Results Not in a List" id="8c84fa94-04c1-424b-9868-57a2d4851a1d" />
    <TestList name="All Loaded Results" id="19431567-8539-422a-85d7-44ee4e166bda" />
  </TestLists>
  <ResultSummary outcome="Completed">
    <Counters total="1" executed="1" passed="1" failed="0" error="0" timeout="0" aborted="0" inconclusive="0" passedButRunAborted="0" notRunnable="0" notExecuted="0" disconnected="0" warning="0" completed="0" inProgress="0" pending="0" />
  </ResultSummary>
</TestRun>